[21:55:27] [Client thread/INFO]: Setting user: Player843
[21:55:27] [Client thread/INFO]: (Session ID is token:0:Player843)
[21:55:29] [Client thread/INFO]: LWJGL Version: 2.9.4
[21:55:30] [Client thread/INFO]: Reloading ResourceManager: Default, !      §6Crown§eFault §r[§f16x§r] §8[V2].zip
[21:55:30] [Client thread/WARN]: ResourcePack: ignored non-lowercase namespace: %s in %s
[21:55:30] [Sound Library Loader/INFO]: Starting up SoundSystem...
[21:55:31] [Thread-6/INFO]: Initializing LWJGL OpenAL
[21:55:31] [Thread-6/INFO]: (The LWJGL binding of OpenAL.  For more information, see http://www.lwjgl.org)
[21:55:31] [Thread-6/INFO]: OpenAL initialized.
[21:55:31] [Sound Library Loader/INFO]: Sound engine started
[21:55:33] [Client thread/INFO]: Created: 512x512 textures-atlas
[21:55:37] [Server thread/INFO]: Starting integrated minecraft server version 1.8.8
[21:55:37] [Server thread/INFO]: Generating keypair
[21:55:37] [Server thread/INFO]: Preparing start region for level 0
[21:55:38] [Server thread/INFO]: Preparing spawn area: 96%
[21:55:38] [Server thread/INFO]: Changing view distance to 8, from 10
[21:55:39] [Server thread/INFO]: Player843[local:E:17026a09] logged in with entity id 173 at (689.0828707604085, 60.0, -378.944429971391)
[21:55:39] [Server thread/INFO]: Player843 joined the game
[21:55:40] [Server thread/INFO]: Saving and pausing game...
[21:55:40] [Server thread/INFO]: Saving chunks for level 'mcpworld'/Overworld
[21:55:40] [Server thread/INFO]: Saving chunks for level 'mcpworld'/Nether
[21:55:40] [Server thread/INFO]: Saving chunks for level 'mcpworld'/The End
[21:55:44] [Client thread/INFO]: [CHAT] §c§lFallingFlowers §7>======================
[21:55:44] [Client thread/INFO]: [CHAT] §cESP §eNONE §7let you see players trough walls
[21:55:44] [Client thread/INFO]: [CHAT] §3animaldisplay §bfalse
[21:55:44] [Client thread/INFO]: [CHAT] §3mobdisplay §bfalse
[21:55:44] [Client thread/INFO]: [CHAT] §3playerdisplay §btrue
[21:55:44] [Client thread/INFO]: [CHAT] §7======================================
[21:55:56] [Client thread/INFO]: [CHAT] §c§lFallingFlowers §7|| §bmobdisplay§a was been set to §btrue
[21:56:00] [Client thread/INFO]: [CHAT] §c§lFallingFlowers §7||§a This mod has been toggled!
[21:56:04] [Client thread/INFO]: [CHAT] §c§lFallingFlowers §7||§a This mod has been toggled!
[21:56:07] [Server thread/INFO]: [Player843: Set own game mode to Creative Mode]
[21:56:07] [Client thread/INFO]: [CHAT] Your game mode has been updated
[21:56:32] [Client thread/INFO]: [CHAT] §c§lFallingFlowers§7 ||§c check your command! §a§l~toggle §a§lmodName
[21:56:34] [Client thread/INFO]: [CHAT] §c§lFallingFlowers§7 ||§c check your command! §a§l~target §a§lentityType(player/mob/animal)
[21:56:35] [Client thread/INFO]: [CHAT] §c§lFallingFlowers §7|| §eNow §bmob§e can§a be §ea target!
